
> client@0.0.0 build
> ng build

- Generating browser application bundles (phase: setup)...
✔ Browser application bundle generation complete.
✔ Browser application bundle generation complete.
- Copying assets...
✔ Copying assets complete.
- Generating index html...
✔ Index html generation complete.

Initial Chunk Files           | Names                                  |  Raw Size | Estimated Transfer Size
main.47c70fa3eb99ddd2.js      | main                                   | 512.94 kB |               130.36 kB
styles.17fb153c4735341a.css   | styles                                 | 356.27 kB |                21.65 kB
polyfills.d67b734563aeb642.js | polyfills                              |  33.01 kB |                10.65 kB
runtime.f1253d28ab36f5db.js   | runtime                                |   2.72 kB |                 1.32 kB

| Initial Total                          | 904.95 kB |               163.98 kB

Lazy Chunk Files              | Names                                  |  Raw Size | Estimated Transfer Size
936.d3c33c4a564b0e02.js       | features-auth-auth-routes              |  33.08 kB |                 8.11 kB
66.010d86fac33cf4f8.js        | features-alerts-alerts-routes          |   2.70 kB |                 1.16 kB
519.fcbb89151b85265d.js       | features-dashboard-dashboard-component |   2.57 kB |               848 bytes
779.b343f0607963543b.js       | features-profile-profile-routes        |   1.29 kB |               634 bytes
147.e1eb7c52997cb786.js       | features-admin-admin-routes            | 527 bytes |               356 bytes

Build at: 2023-11-21T05:33:58.870Z - Hash: a12f99cdc2f49749 - Time: 8111ms

Warning: bundle initial exceeded maximum budget. Budget 500.00 kB was not met by 404.95 kB with a total of 904.95 kB.


